<?xml version='1.0' encoding='UTF-8'?>
<testsuite hostname="runner-sGsHxrbi-project-2747-concurrent-0" name="ch.epfl.dias.cs422.QueryTest" tests="540" errors="0" failures="0" skipped="0" time="94.973" timestamp="2020-03-30T16:23:16">
                     <properties>
[...]
</properties>
                     <testcase classname="ch.epfl.dias.cs422.QueryTest" name="tests():1" time="2.224">
                                                 
                                               </testcase><testcase classname="ch.epfl.dias.cs422.QueryTest" name="tests():1" time="0.06">
                                                 
                                               </testcase><testcase classname="ch.epfl.dias.cs422.QueryTest" name="tests():2" time="0.034">
                                                 
                                               </testcase><testcase classname="ch.epfl.dias.cs422.QueryTest" name="tests():3" time="0.037">
                                                 
                                               </testcase><testcase classname="ch.epfl.dias.cs422.QueryTest" name="tests():4" time="0.158">
                                                 
                                               </testcase><testcase classname="ch.epfl.dias.cs422.QueryTest" name="tests():5" time="0.074">
                                                 
                                               </testcase><testcase classname="ch.epfl.dias.cs422.QueryTest" name="tests():6" time="0.029">
                                                 
                                               </testcase><testcase classname="ch.epfl.dias.cs422.QueryTest" name="tests():7" time="0.016">
                                                 
                                               </testcase><testcase classname="ch.epfl.dias.cs422.QueryTest" name="tests():8" time="0.015">
                                                 
                                               </testcase><testcase classname="ch.epfl.dias.cs422.QueryTest" name="tests():9" time="0.015">
                                                 
                                               </testcase><testcase classname="ch.epfl.dias.cs422.QueryTest" name="tests():10" time="0.024">
                                                 
                                               </testcase><testcase classname="ch.epfl.dias.cs422.QueryTest" name="tests():11" time="0.042">
                                                 
                                               </testcase><testcase classname="ch.epfl.dias.cs422.QueryTest" name="tests():12" time="0.017">
                                                 
                                               </testcase><testcase classname="ch.epfl.dias.cs422.QueryTest" name="tests():13" time="0.016">
                                                 
                                               </testcase><testcase classname="ch.epfl.dias.cs422.QueryTest" name="tests():14" time="0.016">
                                                 
                                               </testcase><testcase classname="ch.epfl.dias.cs422.QueryTest" name="tests():15" time="0.016">
                                                 
                                               </testcase><testcase classname="ch.epfl.dias.cs422.QueryTest" name="tests():16" time="0.02">
                                                 
                                               </testcase><testcase classname="ch.epfl.dias.cs422.QueryTest" name="tests():17" time="0.026">
                                                 
                                               </testcase><testcase classname="ch.epfl.dias.cs422.QueryTest" name="tests():18" time="0.025">
                                                 
                                               </testcase><testcase classname="ch.epfl.dias.cs422.QueryTest" name="tests():19" time="0.02">
                                                 
                                               </testcase><testcase classname="ch.epfl.dias.cs422.QueryTest" name="tests():20" time="0.019">
                                                 
                                               </testcase><testcase classname="ch.epfl.dias.cs422.QueryTest" name="tests():21" time="0.021">
                                                 
                                               </testcase><testcase classname="ch.epfl.dias.cs422.QueryTest" name="tests():22" time="0.036">
                                                 
                                               </testcase><testcase classname="ch.epfl.dias.cs422.QueryTest" name="tests():23" time="0.035">
                                                 
                                               </testcase><testcase classname="ch.epfl.dias.cs422.QueryTest" name="tests():24" time="0.019">
                                                 
                                               </testcase><testcase classname="ch.epfl.dias.cs422.QueryTest" name="tests():25" time="0.018">
                                                 
                                               </testcase><testcase classname="ch.epfl.dias.cs422.QueryTest" name="tests():26" time="0.023">
                                                 
                                               </testcase><testcase classname="ch.epfl.dias.cs422.QueryTest" name="tests():27" time="0.013">
                                                 
                                               </testcase><testcase classname="ch.epfl.dias.cs422.QueryTest" name="tests():28" time="0.016">
                                                 
                                               </testcase><testcase classname="ch.epfl.dias.cs422.QueryTest" name="tests():29" time="0.016">
                                                 
                                               </testcase><testcase classname="ch.epfl.dias.cs422.QueryTest" name="tests():30" time="0.031">
                                                 
                                               </testcase><testcase classname="ch.epfl.dias.cs422.QueryTest" name="tests():31" time="0.023">
                                                 
                                               </testcase><testcase classname="ch.epfl.dias.cs422.QueryTest" name="tests():32" time="0.025">
                                                 
                                               </testcase><testcase classname="ch.epfl.dias.cs422.QueryTest" name="tests():33" time="0.038">
                                                 
                                               </testcase><testcase classname="ch.epfl.dias.cs422.QueryTest" name="tests():34" time="0.027">
                                                 
                                               </testcase><testcase classname="ch.epfl.dias.cs422.QueryTest" name="tests():1" time="0.118">
                                                 
                                               </testcase><testcase classname="ch.epfl.dias.cs422.QueryTest" name="tests():2" time="0.405">
                                                 
                                               </testcase><testcase classname="ch.epfl.dias.cs422.QueryTest" name="tests():3" time="0.286">
                                                 
                                               </testcase><testcase classname="ch.epfl.dias.cs422.QueryTest" name="tests():4" time="0.181">
                                                 
                                               </testcase><testcase classname="ch.epfl.dias.cs422.QueryTest" name="tests():5" time="0.039">
                                                 
                                               </testcase><testcase classname="ch.epfl.dias.cs422.QueryTest" name="tests():6" time="0.113">
                                                 
                                               </testcase><testcase classname="ch.epfl.dias.cs422.QueryTest" name="tests():7" time="0.165">
                                                 
                                               </testcase><testcase classname="ch.epfl.dias.cs422.QueryTest" name="tests():8" time="0.111">
                                                 
                                               </testcase><testcase classname="ch.epfl.dias.cs422.QueryTest" name="tests():9" time="0.11">
                                                 
                                               </testcase><testcase classname="ch.epfl.dias.cs422.QueryTest" name="tests():10" time="0.108">
                                                 
                                               </testcase><testcase classname="ch.epfl.dias.cs422.QueryTest" name="tests():1" time="0.962">
                                                 
                                               </testcase><testcase classname="ch.epfl.dias.cs422.QueryTest" name="tests():1" time="0.048">
                                                 
                                               </testcase><testcase classname="ch.epfl.dias.cs422.QueryTest" name="tests():2" time="0.022">
                                                 
                                               </testcase><testcase classname="ch.epfl.dias.cs422.QueryTest" name="tests():3" time="0.026">
                                                 
                                               </testcase><testcase classname="ch.epfl.dias.cs422.QueryTest" name="tests():4" time="0.119">
                                                 
                                               </testcase><testcase classname="ch.epfl.dias.cs422.QueryTest" name="tests():5" time="0.063">
                                                 
                                               </testcase><testcase classname="ch.epfl.dias.cs422.QueryTest" name="tests():6" time="0.013">
                                                 
                                               </testcase><testcase classname="ch.epfl.dias.cs422.QueryTest" name="tests():7" time="0.012">
                                                 
                                               </testcase><testcase classname="ch.epfl.dias.cs422.QueryTest" name="tests():8" time="0.01">
                                                 
                                               </testcase><testcase classname="ch.epfl.dias.cs422.QueryTest" name="tests():9" time="0.01">
                                                 
                                               </testcase><testcase classname="ch.epfl.dias.cs422.QueryTest" name="tests():10" time="0.014">
                                                 
                                               </testcase><testcase classname="ch.epfl.dias.cs422.QueryTest" name="tests():11" time="0.014">
                                                 
                                               </testcase><testcase classname="ch.epfl.dias.cs422.QueryTest" name="tests():12" time="0.011">
                                                 
                                               </testcase><testcase classname="ch.epfl.dias.cs422.QueryTest" name="tests():13" time="0.012">
                                                 
                                               </testcase><testcase classname="ch.epfl.dias.cs422.QueryTest" name="tests():14" time="0.01">
                                                 
                                               </testcase><testcase classname="ch.epfl.dias.cs422.QueryTest" name="tests():15" time="0.01">
                                                 
                                               </testcase><testcase classname="ch.epfl.dias.cs422.QueryTest" name="tests():16" time="0.009">
                                                 
                                               </testcase><testcase classname="ch.epfl.dias.cs422.QueryTest" name="tests():17" time="0.017">
                                                 
                                               </testcase><testcase classname="ch.epfl.dias.cs422.QueryTest" name="tests():18" time="0.018">
                                                 
                                               </testcase><testcase classname="ch.epfl.dias.cs422.QueryTest" name="tests():19" time="0.016">
                                                 
                                               </testcase><testcase classname="ch.epfl.dias.cs422.QueryTest" name="tests():20" time="0.016">
                                                 
                                               </testcase><testcase classname="ch.epfl.dias.cs422.QueryTest" name="tests():21" time="0.018">
                                                 
                                               </testcase><testcase classname="ch.epfl.dias.cs422.QueryTest" name="tests():22" time="0.017">
                                                 
                                               </testcase><testcase classname="ch.epfl.dias.cs422.QueryTest" name="tests():23" time="0.013">
                                                 
                                               </testcase><testcase classname="ch.epfl.dias.cs422.QueryTest" name="tests():24" time="0.013">
                                                 
                                               </testcase><testcase classname="ch.epfl.dias.cs422.QueryTest" name="tests():25" time="0.012">
                                                 
                                               </testcase><testcase classname="ch.epfl.dias.cs422.QueryTest" name="tests():26" time="0.012">
                                                 
                                               </testcase><testcase classname="ch.epfl.dias.cs422.QueryTest" name="tests():27" time="0.006">
                                                 
                                               </testcase><testcase classname="ch.epfl.dias.cs422.QueryTest" name="tests():28" time="0.007">
                                                 
                                               </testcase><testcase classname="ch.epfl.dias.cs422.QueryTest" name="tests():29" time="0.007">
                                                 
                                               </testcase><testcase classname="ch.epfl.dias.cs422.QueryTest" name="tests():30" time="0.02">
                                                 
                                               </testcase><testcase classname="ch.epfl.dias.cs422.QueryTest" name="tests():31" time="0.011">
                                                 
                                               </testcase><testcase classname="ch.epfl.dias.cs422.QueryTest" name="tests():32" time="0.012">
                                                 
                                               </testcase><testcase classname="ch.epfl.dias.cs422.QueryTest" name="tests():33" time="0.019">
                                                 
                                               </testcase><testcase classname="ch.epfl.dias.cs422.QueryTest" name="tests():34" time="0.015">
                                                 
                                               </testcase><testcase classname="ch.epfl.dias.cs422.QueryTest" name="tests():1" time="0.16">
                                                 
                                               </testcase><testcase classname="ch.epfl.dias.cs422.QueryTest" name="tests():2" time="0.162">
                                                 
                                               </testcase><testcase classname="ch.epfl.dias.cs422.QueryTest" name="tests():3" time="0.228">
                                                 
                                               </testcase><testcase classname="ch.epfl.dias.cs422.QueryTest" name="tests():4" time="0.292">
                                                 
                                               </testcase><testcase classname="ch.epfl.dias.cs422.QueryTest" name="tests():5" time="0.077">
                                                 
                                               </testcase><testcase classname="ch.epfl.dias.cs422.QueryTest" name="tests():6" time="0.182">
                                                 
                                               </testcase><testcase classname="ch.epfl.dias.cs422.QueryTest" name="tests():7" time="0.215">
                                                 
                                               </testcase><testcase classname="ch.epfl.dias.cs422.QueryTest" name="tests():8" time="0.153">
                                                 
                                               </testcase><testcase classname="ch.epfl.dias.cs422.QueryTest" name="tests():9" time="0.185">
                                                 
                                               </testcase><testcase classname="ch.epfl.dias.cs422.QueryTest" name="tests():10" time="0.151">
                                                 
                                               </testcase><testcase classname="ch.epfl.dias.cs422.QueryTest" name="tests():1" time="0.946">
                                                 
                                               </testcase><testcase classname="ch.epfl.dias.cs422.QueryTest" name="tests():1" time="0.035">
                                                 
                                               </testcase><testcase classname="ch.epfl.dias.cs422.QueryTest" name="tests():2" time="0.023">
                                                 
                                               </testcase><testcase classname="ch.epfl.dias.cs422.QueryTest" name="tests():3" time="0.023">
                                                 
                                               </testcase><testcase classname="ch.epfl.dias.cs422.QueryTest" name="tests():4" time="0.097">
                                                 
                                               </testcase><testcase classname="ch.epfl.dias.cs422.QueryTest" name="tests():5" time="0.047">
                                                 
                                               </testcase><testcase classname="ch.epfl.dias.cs422.QueryTest" name="tests():6" time="0.014">
                                                 
                                               </testcase><testcase classname="ch.epfl.dias.cs422.QueryTest" name="tests():7" time="0.017">
                                                 
                                               </testcase><testcase classname="ch.epfl.dias.cs422.QueryTest" name="tests():8" time="0.013">
                                                 
                                               </testcase><testcase classname="ch.epfl.dias.cs422.QueryTest" name="tests():9" time="0.011">
                                                 
                                               </testcase><testcase classname="ch.epfl.dias.cs422.QueryTest" name="tests():10" time="0.015">
                                                 
                                               </testcase><testcase classname="ch.epfl.dias.cs422.QueryTest" name="tests():11" time="0.016">
                                                 
                                               </testcase><testcase classname="ch.epfl.dias.cs422.QueryTest" name="tests():12" time="0.016">
                                                 
                                               </testcase><testcase classname="ch.epfl.dias.cs422.QueryTest" name="tests():13" time="0.014">
                                                 
                                               </testcase><testcase classname="ch.epfl.dias.cs422.QueryTest" name="tests():14" time="0.01">
                                                 
                                               </testcase><testcase classname="ch.epfl.dias.cs422.QueryTest" name="tests():15" time="0.016">
                                                 
                                               </testcase><testcase classname="ch.epfl.dias.cs422.QueryTest" name="tests():16" time="0.013">
                                                 
                                               </testcase><testcase classname="ch.epfl.dias.cs422.QueryTest" name="tests():17" time="0.019">
                                                 
                                               </testcase><testcase classname="ch.epfl.dias.cs422.QueryTest" name="tests():18" time="0.018">
                                                 
                                               </testcase><testcase classname="ch.epfl.dias.cs422.QueryTest" name="tests():19" time="0.016">
                                                 
                                               </testcase><testcase classname="ch.epfl.dias.cs422.QueryTest" name="tests():20" time="0.016">
                                                 
                                               </testcase><testcase classname="ch.epfl.dias.cs422.QueryTest" name="tests():21" time="0.016">
                                                 
                                               </testcase><testcase classname="ch.epfl.dias.cs422.QueryTest" name="tests():22" time="0.016">
                                                 
                                               </testcase><testcase classname="ch.epfl.dias.cs422.QueryTest" name="tests():23" time="0.018">
                                                 
                                               </testcase><testcase classname="ch.epfl.dias.cs422.QueryTest" name="tests():24" time="0.015">
                                                 
                                               </testcase><testcase classname="ch.epfl.dias.cs422.QueryTest" name="tests():25" time="0.019">
                                                 
                                               </testcase><testcase classname="ch.epfl.dias.cs422.QueryTest" name="tests():26" time="0.012">
                                                 
                                               </testcase><testcase classname="ch.epfl.dias.cs422.QueryTest" name="tests():27" time="0.009">
                                                 
                                               </testcase><testcase classname="ch.epfl.dias.cs422.QueryTest" name="tests():28" time="0.011">
                                                 
                                               </testcase><testcase classname="ch.epfl.dias.cs422.QueryTest" name="tests():29" time="0.03">
                                                 
                                               </testcase><testcase classname="ch.epfl.dias.cs422.QueryTest" name="tests():30" time="0.024">
                                                 
                                               </testcase><testcase classname="ch.epfl.dias.cs422.QueryTest" name="tests():31" time="0.016">
                                                 
                                               </testcase><testcase classname="ch.epfl.dias.cs422.QueryTest" name="tests():32" time="0.012">
                                                 
                                               </testcase><testcase classname="ch.epfl.dias.cs422.QueryTest" name="tests():33" time="0.022">
                                                 
                                               </testcase><testcase classname="ch.epfl.dias.cs422.QueryTest" name="tests():34" time="0.016">
                                                 
                                               </testcase><testcase classname="ch.epfl.dias.cs422.QueryTest" name="tests():1" time="0.08">
                                                 
                                               </testcase><testcase classname="ch.epfl.dias.cs422.QueryTest" name="tests():2" time="0.158">
                                                 
                                               </testcase><testcase classname="ch.epfl.dias.cs422.QueryTest" name="tests():3" time="0.201">
                                                 
                                               </testcase><testcase classname="ch.epfl.dias.cs422.QueryTest" name="tests():4" time="0.135">
                                                 
                                               </testcase><testcase classname="ch.epfl.dias.cs422.QueryTest" name="tests():5" time="0.033">
                                                 
                                               </testcase><testcase classname="ch.epfl.dias.cs422.QueryTest" name="tests():6" time="0.088">
                                                 
                                               </testcase><testcase classname="ch.epfl.dias.cs422.QueryTest" name="tests():7" time="0.088">
                                                 
                                               </testcase><testcase classname="ch.epfl.dias.cs422.QueryTest" name="tests():8" time="0.067">
                                                 
                                               </testcase><testcase classname="ch.epfl.dias.cs422.QueryTest" name="tests():9" time="0.075">
                                                 
                                               </testcase><testcase classname="ch.epfl.dias.cs422.QueryTest" name="tests():10" time="0.07">
                                                 
                                               </testcase><testcase classname="ch.epfl.dias.cs422.QueryTest" name="tests():1" time="0.882">
                                                 
                                               </testcase><testcase classname="ch.epfl.dias.cs422.QueryTest" name="tests():1" time="0.032">
                                                 
                                               </testcase><testcase classname="ch.epfl.dias.cs422.QueryTest" name="tests():2" time="0.014">
                                                 
                                               </testcase><testcase classname="ch.epfl.dias.cs422.QueryTest" name="tests():3" time="0.02">
                                                 
                                               </testcase><testcase classname="ch.epfl.dias.cs422.QueryTest" name="tests():4" time="0.086">
                                                 
                                               </testcase><testcase classname="ch.epfl.dias.cs422.QueryTest" name="tests():5" time="0.037">
                                                 
                                               </testcase><testcase classname="ch.epfl.dias.cs422.QueryTest" name="tests():6" time="0.009">
                                                 
                                               </testcase><testcase classname="ch.epfl.dias.cs422.QueryTest" name="tests():7" time="0.009">
                                                 
                                               </testcase><testcase classname="ch.epfl.dias.cs422.QueryTest" name="tests():8" time="0.008">
                                                 
                                               </testcase><testcase classname="ch.epfl.dias.cs422.QueryTest" name="tests():9" time="0.007">
                                                 
                                               </testcase><testcase classname="ch.epfl.dias.cs422.QueryTest" name="tests():10" time="0.01">
                                                 
                                               </testcase><testcase classname="ch.epfl.dias.cs422.QueryTest" name="tests():11" time="0.012">
                                                 
                                               </testcase><testcase classname="ch.epfl.dias.cs422.QueryTest" name="tests():12" time="0.008">
                                                 
                                               </testcase><testcase classname="ch.epfl.dias.cs422.QueryTest" name="tests():13" time="0.008">
                                                 
                                               </testcase><testcase classname="ch.epfl.dias.cs422.QueryTest" name="tests():14" time="0.008">
                                                 
                                               </testcase><testcase classname="ch.epfl.dias.cs422.QueryTest" name="tests():15" time="0.007">
                                                 
                                               </testcase><testcase classname="ch.epfl.dias.cs422.QueryTest" name="tests():16" time="0.009">
                                                 
                                               </testcase><testcase classname="ch.epfl.dias.cs422.QueryTest" name="tests():17" time="0.012">
                                                 
                                               </testcase><testcase classname="ch.epfl.dias.cs422.QueryTest" name="tests():18" time="0.01">
                                                 
                                               </testcase><testcase classname="ch.epfl.dias.cs422.QueryTest" name="tests():19" time="0.011">
                                                 
                                               </testcase><testcase classname="ch.epfl.dias.cs422.QueryTest" name="tests():20" time="0.01">
                                                 
                                               </testcase><testcase classname="ch.epfl.dias.cs422.QueryTest" name="tests():21" time="0.011">
                                                 
                                               </testcase><testcase classname="ch.epfl.dias.cs422.QueryTest" name="tests():22" time="0.009">
                                                 
                                               </testcase><testcase classname="ch.epfl.dias.cs422.QueryTest" name="tests():23" time="0.01">
                                                 
                                               </testcase><testcase classname="ch.epfl.dias.cs422.QueryTest" name="tests():24" time="0.008">
                                                 
                                               </testcase><testcase classname="ch.epfl.dias.cs422.QueryTest" name="tests():25" time="0.01">
                                                 
                                               </testcase><testcase classname="ch.epfl.dias.cs422.QueryTest" name="tests():26" time="0.008">
                                                 
                                               </testcase><testcase classname="ch.epfl.dias.cs422.QueryTest" name="tests():27" time="0.005">
                                                 
                                               </testcase><testcase classname="ch.epfl.dias.cs422.QueryTest" name="tests():28" time="0.009">
                                                 
                                               </testcase><testcase classname="ch.epfl.dias.cs422.QueryTest" name="tests():29" time="0.009">
                                                 
                                               </testcase><testcase classname="ch.epfl.dias.cs422.QueryTest" name="tests():30" time="0.015">
                                                 
                                               </testcase><testcase classname="ch.epfl.dias.cs422.QueryTest" name="tests():31" time="0.01">
                                                 
                                               </testcase><testcase classname="ch.epfl.dias.cs422.QueryTest" name="tests():32" time="0.009">
                                                 
                                               </testcase><testcase classname="ch.epfl.dias.cs422.QueryTest" name="tests():33" time="0.02">
                                                 
                                               </testcase><testcase classname="ch.epfl.dias.cs422.QueryTest" name="tests():34" time="0.012">
                                                 
                                               </testcase><testcase classname="ch.epfl.dias.cs422.QueryTest" name="tests():1" time="0.225">
                                                 
                                               </testcase><testcase classname="ch.epfl.dias.cs422.QueryTest" name="tests():2" time="0.172">
                                                 
                                               </testcase><testcase classname="ch.epfl.dias.cs422.QueryTest" name="tests():3" time="0.553">
                                                 
                                               </testcase><testcase classname="ch.epfl.dias.cs422.QueryTest" name="tests():4" time="3.629">
                                                 
                                               </testcase><testcase classname="ch.epfl.dias.cs422.QueryTest" name="tests():5" time="0.076">
                                                 
                                               </testcase><testcase classname="ch.epfl.dias.cs422.QueryTest" name="tests():6" time="1.587">
                                                 
                                               </testcase><testcase classname="ch.epfl.dias.cs422.QueryTest" name="tests():7" time="4.344">
                                                 
                                               </testcase><testcase classname="ch.epfl.dias.cs422.QueryTest" name="tests():8" time="0.293">
                                                 
                                               </testcase><testcase classname="ch.epfl.dias.cs422.QueryTest" name="tests():9" time="1.263">
                                                 
                                               </testcase><testcase classname="ch.epfl.dias.cs422.QueryTest" name="tests():10" time="0.133">
                                                 
                                               </testcase><testcase classname="ch.epfl.dias.cs422.QueryTest" name="tests():1" time="0.741">
                                                 
                                               </testcase><testcase classname="ch.epfl.dias.cs422.QueryTest" name="tests():1" time="0.017">
                                                 
                                               </testcase><testcase classname="ch.epfl.dias.cs422.QueryTest" name="tests():2" time="0.012">
                                                 
                                               </testcase><testcase classname="ch.epfl.dias.cs422.QueryTest" name="tests():3" time="0.021">
                                                 
                                               </testcase><testcase classname="ch.epfl.dias.cs422.QueryTest" name="tests():4" time="0.016">
                                                 
                                               </testcase><testcase classname="ch.epfl.dias.cs422.QueryTest" name="tests():5" time="0.017">
                                                 
                                               </testcase><testcase classname="ch.epfl.dias.cs422.QueryTest" name="tests():6" time="0.011">
                                                 
                                               </testcase><testcase classname="ch.epfl.dias.cs422.QueryTest" name="tests():7" time="0.013">
                                                 
                                               </testcase><testcase classname="ch.epfl.dias.cs422.QueryTest" name="tests():8" time="0.012">
                                                 
                                               </testcase><testcase classname="ch.epfl.dias.cs422.QueryTest" name="tests():9" time="0.01">
                                                 
                                               </testcase><testcase classname="ch.epfl.dias.cs422.QueryTest" name="tests():10" time="0.015">
                                                 
                                               </testcase><testcase classname="ch.epfl.dias.cs422.QueryTest" name="tests():11" time="0.009">
                                                 
                                               </testcase><testcase classname="ch.epfl.dias.cs422.QueryTest" name="tests():12" time="0.008">
                                                 
                                               </testcase><testcase classname="ch.epfl.dias.cs422.QueryTest" name="tests():13" time="0.007">
                                                 
                                               </testcase><testcase classname="ch.epfl.dias.cs422.QueryTest" name="tests():14" time="0.008">
                                                 
                                               </testcase><testcase classname="ch.epfl.dias.cs422.QueryTest" name="tests():15" time="0.007">
                                                 
                                               </testcase><testcase classname="ch.epfl.dias.cs422.QueryTest" name="tests():16" time="0.009">
                                                 
                                               </testcase><testcase classname="ch.epfl.dias.cs422.QueryTest" name="tests():17" time="0.014">
                                                 
                                               </testcase><testcase classname="ch.epfl.dias.cs422.QueryTest" name="tests():18" time="0.016">
                                                 
                                               </testcase><testcase classname="ch.epfl.dias.cs422.QueryTest" name="tests():19" time="0.017">
                                                 
                                               </testcase><testcase classname="ch.epfl.dias.cs422.QueryTest" name="tests():20" time="0.009">
                                                 
                                               </testcase><testcase classname="ch.epfl.dias.cs422.QueryTest" name="tests():21" time="0.008">
                                                 
                                               </testcase><testcase classname="ch.epfl.dias.cs422.QueryTest" name="tests():22" time="0.008">
                                                 
                                               </testcase><testcase classname="ch.epfl.dias.cs422.QueryTest" name="tests():23" time="0.008">
                                                 
                                               </testcase><testcase classname="ch.epfl.dias.cs422.QueryTest" name="tests():24" time="0.009">
                                                 
                                               </testcase><testcase classname="ch.epfl.dias.cs422.QueryTest" name="tests():25" time="0.011">
                                                 
                                               </testcase><testcase classname="ch.epfl.dias.cs422.QueryTest" name="tests():26" time="0.013">
                                                 
                                               </testcase><testcase classname="ch.epfl.dias.cs422.QueryTest" name="tests():27" time="0.006">
                                                 
                                               </testcase><testcase classname="ch.epfl.dias.cs422.QueryTest" name="tests():28" time="0.007">
                                                 
                                               </testcase><testcase classname="ch.epfl.dias.cs422.QueryTest" name="tests():29" time="0.005">
                                                 
                                               </testcase><testcase classname="ch.epfl.dias.cs422.QueryTest" name="tests():30" time="0.006">
                                                 
                                               </testcase><testcase classname="ch.epfl.dias.cs422.QueryTest" name="tests():31" time="0.008">
                                                 
                                               </testcase><testcase classname="ch.epfl.dias.cs422.QueryTest" name="tests():32" time="0.007">
                                                 
                                               </testcase><testcase classname="ch.epfl.dias.cs422.QueryTest" name="tests():33" time="0.012">
                                                 
                                               </testcase><testcase classname="ch.epfl.dias.cs422.QueryTest" name="tests():34" time="0.009">
                                                 
                                               </testcase><testcase classname="ch.epfl.dias.cs422.QueryTest" name="tests():1" time="0.06">
                                                 
                                               </testcase><testcase classname="ch.epfl.dias.cs422.QueryTest" name="tests():2" time="0.132">
                                                 
                                               </testcase><testcase classname="ch.epfl.dias.cs422.QueryTest" name="tests():3" time="0.149">
                                                 
                                               </testcase><testcase classname="ch.epfl.dias.cs422.QueryTest" name="tests():4" time="0.132">
                                                 
                                               </testcase><testcase classname="ch.epfl.dias.cs422.QueryTest" name="tests():5" time="0.037">
                                                 
                                               </testcase><testcase classname="ch.epfl.dias.cs422.QueryTest" name="tests():6" time="0.068">
                                                 
                                               </testcase><testcase classname="ch.epfl.dias.cs422.QueryTest" name="tests():7" time="0.1">
                                                 
                                               </testcase><testcase classname="ch.epfl.dias.cs422.QueryTest" name="tests():8" time="0.088">
                                                 
                                               </testcase><testcase classname="ch.epfl.dias.cs422.QueryTest" name="tests():9" time="0.082">
                                                 
                                               </testcase><testcase classname="ch.epfl.dias.cs422.QueryTest" name="tests():10" time="0.074">
                                                 
                                               </testcase><testcase classname="ch.epfl.dias.cs422.QueryTest" name="tests():1" time="0.631">
                                                 
                                               </testcase><testcase classname="ch.epfl.dias.cs422.QueryTest" name="tests():1" time="0.017">
                                                 
                                               </testcase><testcase classname="ch.epfl.dias.cs422.QueryTest" name="tests():2" time="0.015">
                                                 
                                               </testcase><testcase classname="ch.epfl.dias.cs422.QueryTest" name="tests():3" time="0.018">
                                                 
                                               </testcase><testcase classname="ch.epfl.dias.cs422.QueryTest" name="tests():4" time="0.016">
                                                 
                                               </testcase><testcase classname="ch.epfl.dias.cs422.QueryTest" name="tests():5" time="0.016">
                                                 
                                               </testcase><testcase classname="ch.epfl.dias.cs422.QueryTest" name="tests():6" time="0.015">
                                                 
                                               </testcase><testcase classname="ch.epfl.dias.cs422.QueryTest" name="tests():7" time="0.011">
                                                 
                                               </testcase><testcase classname="ch.epfl.dias.cs422.QueryTest" name="tests():8" time="0.009">
                                                 
                                               </testcase><testcase classname="ch.epfl.dias.cs422.QueryTest" name="tests():9" time="0.01">
                                                 
                                               </testcase><testcase classname="ch.epfl.dias.cs422.QueryTest" name="tests():10" time="0.017">
                                                 
                                               </testcase><testcase classname="ch.epfl.dias.cs422.QueryTest" name="tests():11" time="0.016">
                                                 
                                               </testcase><testcase classname="ch.epfl.dias.cs422.QueryTest" name="tests():12" time="0.016">
                                                 
                                               </testcase><testcase classname="ch.epfl.dias.cs422.QueryTest" name="tests():13" time="0.014">
                                                 
                                               </testcase><testcase classname="ch.epfl.dias.cs422.QueryTest" name="tests():14" time="0.014">
                                                 
                                               </testcase><testcase classname="ch.epfl.dias.cs422.QueryTest" name="tests():15" time="0.011">
                                                 
                                               </testcase><testcase classname="ch.epfl.dias.cs422.QueryTest" name="tests():16" time="0.013">
                                                 
                                               </testcase><testcase classname="ch.epfl.dias.cs422.QueryTest" name="tests():17" time="0.016">
                                                 
                                               </testcase><testcase classname="ch.epfl.dias.cs422.QueryTest" name="tests():18" time="0.015">
                                                 
                                               </testcase><testcase classname="ch.epfl.dias.cs422.QueryTest" name="tests():19" time="0.018">
                                                 
                                               </testcase><testcase classname="ch.epfl.dias.cs422.QueryTest" name="tests():20" time="0.016">
                                                 
                                               </testcase><testcase classname="ch.epfl.dias.cs422.QueryTest" name="tests():21" time="0.011">
                                                 
                                               </testcase><testcase classname="ch.epfl.dias.cs422.QueryTest" name="tests():22" time="0.011">
                                                 
                                               </testcase><testcase classname="ch.epfl.dias.cs422.QueryTest" name="tests():23" time="0.011">
                                                 
                                               </testcase><testcase classname="ch.epfl.dias.cs422.QueryTest" name="tests():24" time="0.013">
                                                 
                                               </testcase><testcase classname="ch.epfl.dias.cs422.QueryTest" name="tests():25" time="0.015">
                                                 
                                               </testcase><testcase classname="ch.epfl.dias.cs422.QueryTest" name="tests():26" time="0.014">
                                                 
                                               </testcase><testcase classname="ch.epfl.dias.cs422.QueryTest" name="tests():27" time="0.006">
                                                 
                                               </testcase><testcase classname="ch.epfl.dias.cs422.QueryTest" name="tests():28" time="0.01">
                                                 
                                               </testcase><testcase classname="ch.epfl.dias.cs422.QueryTest" name="tests():29" time="0.009">
                                                 
                                               </testcase><testcase classname="ch.epfl.dias.cs422.QueryTest" name="tests():30" time="0.015">
                                                 
                                               </testcase><testcase classname="ch.epfl.dias.cs422.QueryTest" name="tests():31" time="0.015">
                                                 
                                               </testcase><testcase classname="ch.epfl.dias.cs422.QueryTest" name="tests():32" time="0.014">
                                                 
                                               </testcase><testcase classname="ch.epfl.dias.cs422.QueryTest" name="tests():33" time="0.02">
                                                 
                                               </testcase><testcase classname="ch.epfl.dias.cs422.QueryTest" name="tests():34" time="0.015">
                                                 
                                               </testcase><testcase classname="ch.epfl.dias.cs422.QueryTest" name="tests():1" time="0.126">
                                                 
                                               </testcase><testcase classname="ch.epfl.dias.cs422.QueryTest" name="tests():2" time="0.116">
                                                 
                                               </testcase><testcase classname="ch.epfl.dias.cs422.QueryTest" name="tests():3" time="0.172">
                                                 
                                               </testcase><testcase classname="ch.epfl.dias.cs422.QueryTest" name="tests():4" time="0.191">
                                                 
                                               </testcase><testcase classname="ch.epfl.dias.cs422.QueryTest" name="tests():5" time="0.041">
                                                 
                                               </testcase><testcase classname="ch.epfl.dias.cs422.QueryTest" name="tests():6" time="0.112">
                                                 
                                               </testcase><testcase classname="ch.epfl.dias.cs422.QueryTest" name="tests():7" time="0.127">
                                                 
                                               </testcase><testcase classname="ch.epfl.dias.cs422.QueryTest" name="tests():8" time="0.081">
                                                 
                                               </testcase><testcase classname="ch.epfl.dias.cs422.QueryTest" name="tests():9" time="0.092">
                                                 
                                               </testcase><testcase classname="ch.epfl.dias.cs422.QueryTest" name="tests():10" time="0.093">
                                                 
                                               </testcase><testcase classname="ch.epfl.dias.cs422.QueryTest" name="tests():1" time="0.754">
                                                 
                                               </testcase><testcase classname="ch.epfl.dias.cs422.QueryTest" name="tests():1" time="0.017">
                                                 
                                               </testcase><testcase classname="ch.epfl.dias.cs422.QueryTest" name="tests():2" time="0.016">
                                                 
                                               </testcase><testcase classname="ch.epfl.dias.cs422.QueryTest" name="tests():3" time="0.019">
                                                 
                                               </testcase><testcase classname="ch.epfl.dias.cs422.QueryTest" name="tests():4" time="0.014">
                                                 
                                               </testcase><testcase classname="ch.epfl.dias.cs422.QueryTest" name="tests():5" time="0.015">
                                                 
                                               </testcase><testcase classname="ch.epfl.dias.cs422.QueryTest" name="tests():6" time="0.009">
                                                 
                                               </testcase><testcase classname="ch.epfl.dias.cs422.QueryTest" name="tests():7" time="0.008">
                                                 
                                               </testcase><testcase classname="ch.epfl.dias.cs422.QueryTest" name="tests():8" time="0.01">
                                                 
                                               </testcase><testcase classname="ch.epfl.dias.cs422.QueryTest" name="tests():9" time="0.009">
                                                 
                                               </testcase><testcase classname="ch.epfl.dias.cs422.QueryTest" name="tests():10" time="0.013">
                                                 
                                               </testcase><testcase classname="ch.epfl.dias.cs422.QueryTest" name="tests():11" time="0.013">
                                                 
                                               </testcase><testcase classname="ch.epfl.dias.cs422.QueryTest" name="tests():12" time="0.01">
                                                 
                                               </testcase><testcase classname="ch.epfl.dias.cs422.QueryTest" name="tests():13" time="0.01">
                                                 
                                               </testcase><testcase classname="ch.epfl.dias.cs422.QueryTest" name="tests():14" time="0.011">
                                                 
                                               </testcase><testcase classname="ch.epfl.dias.cs422.QueryTest" name="tests():15" time="0.012">
                                                 
                                               </testcase><testcase classname="ch.epfl.dias.cs422.QueryTest" name="tests():16" time="0.013">
                                                 
                                               </testcase><testcase classname="ch.epfl.dias.cs422.QueryTest" name="tests():17" time="0.018">
                                                 
                                               </testcase><testcase classname="ch.epfl.dias.cs422.QueryTest" name="tests():18" time="0.016">
                                                 
                                               </testcase><testcase classname="ch.epfl.dias.cs422.QueryTest" name="tests():19" time="0.009">
                                                 
                                               </testcase><testcase classname="ch.epfl.dias.cs422.QueryTest" name="tests():20" time="0.015">
                                                 
                                               </testcase><testcase classname="ch.epfl.dias.cs422.QueryTest" name="tests():21" time="0.012">
                                                 
                                               </testcase><testcase classname="ch.epfl.dias.cs422.QueryTest" name="tests():22" time="0.015">
                                                 
                                               </testcase><testcase classname="ch.epfl.dias.cs422.QueryTest" name="tests():23" time="0.014">
                                                 
                                               </testcase><testcase classname="ch.epfl.dias.cs422.QueryTest" name="tests():24" time="0.015">
                                                 
                                               </testcase><testcase classname="ch.epfl.dias.cs422.QueryTest" name="tests():25" time="0.015">
                                                 
                                               </testcase><testcase classname="ch.epfl.dias.cs422.QueryTest" name="tests():26" time="0.01">
                                                 
                                               </testcase><testcase classname="ch.epfl.dias.cs422.QueryTest" name="tests():27" time="0.007">
                                                 
                                               </testcase><testcase classname="ch.epfl.dias.cs422.QueryTest" name="tests():28" time="0.005">
                                                 
                                               </testcase><testcase classname="ch.epfl.dias.cs422.QueryTest" name="tests():29" time="0.009">
                                                 
                                               </testcase><testcase classname="ch.epfl.dias.cs422.QueryTest" name="tests():30" time="0.014">
                                                 
                                               </testcase><testcase classname="ch.epfl.dias.cs422.QueryTest" name="tests():31" time="0.014">
                                                 
                                               </testcase><testcase classname="ch.epfl.dias.cs422.QueryTest" name="tests():32" time="0.013">
                                                 
                                               </testcase><testcase classname="ch.epfl.dias.cs422.QueryTest" name="tests():33" time="0.015">
                                                 
                                               </testcase><testcase classname="ch.epfl.dias.cs422.QueryTest" name="tests():34" time="0.012">
                                                 
                                               </testcase><testcase classname="ch.epfl.dias.cs422.QueryTest" name="tests():1" time="0.053">
                                                 
                                               </testcase><testcase classname="ch.epfl.dias.cs422.QueryTest" name="tests():2" time="0.114">
                                                 
                                               </testcase><testcase classname="ch.epfl.dias.cs422.QueryTest" name="tests():3" time="0.15">
                                                 
                                               </testcase><testcase classname="ch.epfl.dias.cs422.QueryTest" name="tests():4" time="0.082">
                                                 
                                               </testcase><testcase classname="ch.epfl.dias.cs422.QueryTest" name="tests():5" time="0.03">
                                                 
                                               </testcase><testcase classname="ch.epfl.dias.cs422.QueryTest" name="tests():6" time="0.058">
                                                 
                                               </testcase><testcase classname="ch.epfl.dias.cs422.QueryTest" name="tests():7" time="0.062">
                                                 
                                               </testcase><testcase classname="ch.epfl.dias.cs422.QueryTest" name="tests():8" time="0.06">
                                                 
                                               </testcase><testcase classname="ch.epfl.dias.cs422.QueryTest" name="tests():9" time="0.058">
                                                 
                                               </testcase><testcase classname="ch.epfl.dias.cs422.QueryTest" name="tests():10" time="0.057">
                                                 
                                               </testcase><testcase classname="ch.epfl.dias.cs422.QueryTest" name="tests():1" time="1.076">
                                                 
                                               </testcase><testcase classname="ch.epfl.dias.cs422.QueryTest" name="tests():1" time="0.017">
                                                 
                                               </testcase><testcase classname="ch.epfl.dias.cs422.QueryTest" name="tests():2" time="0.012">
                                                 
                                               </testcase><testcase classname="ch.epfl.dias.cs422.QueryTest" name="tests():3" time="0.017">
                                                 
                                               </testcase><testcase classname="ch.epfl.dias.cs422.QueryTest" name="tests():4" time="0.015">
                                                 
                                               </testcase><testcase classname="ch.epfl.dias.cs422.QueryTest" name="tests():5" time="0.017">
                                                 
                                               </testcase><testcase classname="ch.epfl.dias.cs422.QueryTest" name="tests():6" time="0.01">
                                                 
                                               </testcase><testcase classname="ch.epfl.dias.cs422.QueryTest" name="tests():7" time="0.011">
                                                 
                                               </testcase><testcase classname="ch.epfl.dias.cs422.QueryTest" name="tests():8" time="0.01">
                                                 
                                               </testcase><testcase classname="ch.epfl.dias.cs422.QueryTest" name="tests():9" time="0.008">
                                                 
                                               </testcase><testcase classname="ch.epfl.dias.cs422.QueryTest" name="tests():10" time="0.013">
                                                 
                                               </testcase><testcase classname="ch.epfl.dias.cs422.QueryTest" name="tests():11" time="0.02">
                                                 
                                               </testcase><testcase classname="ch.epfl.dias.cs422.QueryTest" name="tests():12" time="0.012">
                                                 
                                               </testcase><testcase classname="ch.epfl.dias.cs422.QueryTest" name="tests():13" time="0.014">
                                                 
                                               </testcase><testcase classname="ch.epfl.dias.cs422.QueryTest" name="tests():14" time="0.012">
                                                 
                                               </testcase><testcase classname="ch.epfl.dias.cs422.QueryTest" name="tests():15" time="0.013">
                                                 
                                               </testcase><testcase classname="ch.epfl.dias.cs422.QueryTest" name="tests():16" time="0.012">
                                                 
                                               </testcase><testcase classname="ch.epfl.dias.cs422.QueryTest" name="tests():17" time="0.017">
                                                 
                                               </testcase><testcase classname="ch.epfl.dias.cs422.QueryTest" name="tests():18" time="0.01">
                                                 
                                               </testcase><testcase classname="ch.epfl.dias.cs422.QueryTest" name="tests():19" time="0.013">
                                                 
                                               </testcase><testcase classname="ch.epfl.dias.cs422.QueryTest" name="tests():20" time="0.015">
                                                 
                                               </testcase><testcase classname="ch.epfl.dias.cs422.QueryTest" name="tests():21" time="0.011">
                                                 
                                               </testcase><testcase classname="ch.epfl.dias.cs422.QueryTest" name="tests():22" time="0.012">
                                                 
                                               </testcase><testcase classname="ch.epfl.dias.cs422.QueryTest" name="tests():23" time="0.013">
                                                 
                                               </testcase><testcase classname="ch.epfl.dias.cs422.QueryTest" name="tests():24" time="0.009">
                                                 
                                               </testcase><testcase classname="ch.epfl.dias.cs422.QueryTest" name="tests():25" time="0.013">
                                                 
                                               </testcase><testcase classname="ch.epfl.dias.cs422.QueryTest" name="tests():26" time="0.011">
                                                 
                                               </testcase><testcase classname="ch.epfl.dias.cs422.QueryTest" name="tests():27" time="0.008">
                                                 
                                               </testcase><testcase classname="ch.epfl.dias.cs422.QueryTest" name="tests():28" time="0.008">
                                                 
                                               </testcase><testcase classname="ch.epfl.dias.cs422.QueryTest" name="tests():29" time="0.009">
                                                 
                                               </testcase><testcase classname="ch.epfl.dias.cs422.QueryTest" name="tests():30" time="0.008">
                                                 
                                               </testcase><testcase classname="ch.epfl.dias.cs422.QueryTest" name="tests():31" time="0.014">
                                                 
                                               </testcase><testcase classname="ch.epfl.dias.cs422.QueryTest" name="tests():32" time="0.008">
                                                 
                                               </testcase><testcase classname="ch.epfl.dias.cs422.QueryTest" name="tests():33" time="0.022">
                                                 
                                               </testcase><testcase classname="ch.epfl.dias.cs422.QueryTest" name="tests():34" time="0.016">
                                                 
                                               </testcase><testcase classname="ch.epfl.dias.cs422.QueryTest" name="tests():1" time="0.759">
                                                 
                                               </testcase><testcase classname="ch.epfl.dias.cs422.QueryTest" name="tests():2" time="0.168">
                                                 
                                               </testcase><testcase classname="ch.epfl.dias.cs422.QueryTest" name="tests():3" time="0.815">
                                                 
                                               </testcase><testcase classname="ch.epfl.dias.cs422.QueryTest" name="tests():4" time="8.855">
                                                 
                                               </testcase><testcase classname="ch.epfl.dias.cs422.QueryTest" name="tests():5" time="0.111">
                                                 
                                               </testcase><testcase classname="ch.epfl.dias.cs422.QueryTest" name="tests():6" time="2.794">
                                                 
                                               </testcase><testcase classname="ch.epfl.dias.cs422.QueryTest" name="tests():7" time="4.61">
                                                 
                                               </testcase><testcase classname="ch.epfl.dias.cs422.QueryTest" name="tests():8" time="0.28">
                                                 
                                               </testcase><testcase classname="ch.epfl.dias.cs422.QueryTest" name="tests():9" time="1.195">
                                                 
                                               </testcase><testcase classname="ch.epfl.dias.cs422.QueryTest" name="tests():10" time="0.224">
                                                 
                                               </testcase><testcase classname="ch.epfl.dias.cs422.QueryTest" name="tests():1" time="0.7">
                                                 
                                               </testcase><testcase classname="ch.epfl.dias.cs422.QueryTest" name="tests():1" time="0.018">
                                                 
                                               </testcase><testcase classname="ch.epfl.dias.cs422.QueryTest" name="tests():2" time="0.019">
                                                 
                                               </testcase><testcase classname="ch.epfl.dias.cs422.QueryTest" name="tests():3" time="0.015">
                                                 
                                               </testcase><testcase classname="ch.epfl.dias.cs422.QueryTest" name="tests():4" time="0.015">
                                                 
                                               </testcase><testcase classname="ch.epfl.dias.cs422.QueryTest" name="tests():5" time="0.015">
                                                 
                                               </testcase><testcase classname="ch.epfl.dias.cs422.QueryTest" name="tests():6" time="0.012">
                                                 
                                               </testcase><testcase classname="ch.epfl.dias.cs422.QueryTest" name="tests():7" time="0.012">
                                                 
                                               </testcase><testcase classname="ch.epfl.dias.cs422.QueryTest" name="tests():8" time="0.011">
                                                 
                                               </testcase><testcase classname="ch.epfl.dias.cs422.QueryTest" name="tests():9" time="0.011">
                                                 
                                               </testcase><testcase classname="ch.epfl.dias.cs422.QueryTest" name="tests():10" time="0.012">
                                                 
                                               </testcase><testcase classname="ch.epfl.dias.cs422.QueryTest" name="tests():11" time="0.017">
                                                 
                                               </testcase><testcase classname="ch.epfl.dias.cs422.QueryTest" name="tests():12" time="0.007">
                                                 
                                               </testcase><testcase classname="ch.epfl.dias.cs422.QueryTest" name="tests():13" time="0.007">
                                                 
                                               </testcase><testcase classname="ch.epfl.dias.cs422.QueryTest" name="tests():14" time="0.013">
                                                 
                                               </testcase><testcase classname="ch.epfl.dias.cs422.QueryTest" name="tests():15" time="0.012">
                                                 
                                               </testcase><testcase classname="ch.epfl.dias.cs422.QueryTest" name="tests():16" time="0.011">
                                                 
                                               </testcase><testcase classname="ch.epfl.dias.cs422.QueryTest" name="tests():17" time="0.019">
                                                 
                                               </testcase><testcase classname="ch.epfl.dias.cs422.QueryTest" name="tests():18" time="0.017">
                                                 
                                               </testcase><testcase classname="ch.epfl.dias.cs422.QueryTest" name="tests():19" time="0.008">
                                                 
                                               </testcase><testcase classname="ch.epfl.dias.cs422.QueryTest" name="tests():20" time="0.016">
                                                 
                                               </testcase><testcase classname="ch.epfl.dias.cs422.QueryTest" name="tests():21" time="0.012">
                                                 
                                               </testcase><testcase classname="ch.epfl.dias.cs422.QueryTest" name="tests():22" time="0.01">
                                                 
                                               </testcase><testcase classname="ch.epfl.dias.cs422.QueryTest" name="tests():23" time="0.012">
                                                 
                                               </testcase><testcase classname="ch.epfl.dias.cs422.QueryTest" name="tests():24" time="0.009">
                                                 
                                               </testcase><testcase classname="ch.epfl.dias.cs422.QueryTest" name="tests():25" time="0.014">
                                                 
                                               </testcase><testcase classname="ch.epfl.dias.cs422.QueryTest" name="tests():26" time="0.008">
                                                 
                                               </testcase><testcase classname="ch.epfl.dias.cs422.QueryTest" name="tests():27" time="0.003">
                                                 
                                               </testcase><testcase classname="ch.epfl.dias.cs422.QueryTest" name="tests():28" time="0.008">
                                                 
                                               </testcase><testcase classname="ch.epfl.dias.cs422.QueryTest" name="tests():29" time="0.011">
                                                 
                                               </testcase><testcase classname="ch.epfl.dias.cs422.QueryTest" name="tests():30" time="0.011">
                                                 
                                               </testcase><testcase classname="ch.epfl.dias.cs422.QueryTest" name="tests():31" time="0.011">
                                                 
                                               </testcase><testcase classname="ch.epfl.dias.cs422.QueryTest" name="tests():32" time="0.011">
                                                 
                                               </testcase><testcase classname="ch.epfl.dias.cs422.QueryTest" name="tests():33" time="0.019">
                                                 
                                               </testcase><testcase classname="ch.epfl.dias.cs422.QueryTest" name="tests():34" time="0.017">
                                                 
                                               </testcase><testcase classname="ch.epfl.dias.cs422.QueryTest" name="tests():1" time="0.062">
                                                 
                                               </testcase><testcase classname="ch.epfl.dias.cs422.QueryTest" name="tests():2" time="0.114">
                                                 
                                               </testcase><testcase classname="ch.epfl.dias.cs422.QueryTest" name="tests():3" time="0.153">
                                                 
                                               </testcase><testcase classname="ch.epfl.dias.cs422.QueryTest" name="tests():4" time="0.127">
                                                 
                                               </testcase><testcase classname="ch.epfl.dias.cs422.QueryTest" name="tests():5" time="0.035">
                                                 
                                               </testcase><testcase classname="ch.epfl.dias.cs422.QueryTest" name="tests():6" time="0.07">
                                                 
                                               </testcase><testcase classname="ch.epfl.dias.cs422.QueryTest" name="tests():7" time="0.1">
                                                 
                                               </testcase><testcase classname="ch.epfl.dias.cs422.QueryTest" name="tests():8" time="0.083">
                                                 
                                               </testcase><testcase classname="ch.epfl.dias.cs422.QueryTest" name="tests():9" time="0.076">
                                                 
                                               </testcase><testcase classname="ch.epfl.dias.cs422.QueryTest" name="tests():10" time="0.07">
                                                 
                                               </testcase><testcase classname="ch.epfl.dias.cs422.QueryTest" name="tests():1" time="0.7">
                                                 
                                               </testcase><testcase classname="ch.epfl.dias.cs422.QueryTest" name="tests():1" time="0.013">
                                                 
                                               </testcase><testcase classname="ch.epfl.dias.cs422.QueryTest" name="tests():2" time="0.018">
                                                 
                                               </testcase><testcase classname="ch.epfl.dias.cs422.QueryTest" name="tests():3" time="0.015">
                                                 
                                               </testcase><testcase classname="ch.epfl.dias.cs422.QueryTest" name="tests():4" time="0.015">
                                                 
                                               </testcase><testcase classname="ch.epfl.dias.cs422.QueryTest" name="tests():5" time="0.011">
                                                 
                                               </testcase><testcase classname="ch.epfl.dias.cs422.QueryTest" name="tests():6" time="0.006">
                                                 
                                               </testcase><testcase classname="ch.epfl.dias.cs422.QueryTest" name="tests():7" time="0.008">
                                                 
                                               </testcase><testcase classname="ch.epfl.dias.cs422.QueryTest" name="tests():8" time="0.006">
                                                 
                                               </testcase><testcase classname="ch.epfl.dias.cs422.QueryTest" name="tests():9" time="0.007">
                                                 
                                               </testcase><testcase classname="ch.epfl.dias.cs422.QueryTest" name="tests():10" time="0.014">
                                                 
                                               </testcase><testcase classname="ch.epfl.dias.cs422.QueryTest" name="tests():11" time="0.016">
                                                 
                                               </testcase><testcase classname="ch.epfl.dias.cs422.QueryTest" name="tests():12" time="0.011">
                                                 
                                               </testcase><testcase classname="ch.epfl.dias.cs422.QueryTest" name="tests():13" time="0.014">
[...]
                                                 
                                               </testcase><testcase classname="ch.epfl.dias.cs422.QueryTest" name="tests():32" time="0.008">
                                                 
                                               </testcase><testcase classname="ch.epfl.dias.cs422.QueryTest" name="tests():33" time="0.011">
                                                 
                                               </testcase><testcase classname="ch.epfl.dias.cs422.QueryTest" name="tests():34" time="0.008">
                                                 
                                               </testcase><testcase classname="ch.epfl.dias.cs422.QueryTest" name="tests():1" time="0.12">
                                                 
                                               </testcase><testcase classname="ch.epfl.dias.cs422.QueryTest" name="tests():2" time="0.101">
                                                 
                                               </testcase><testcase classname="ch.epfl.dias.cs422.QueryTest" name="tests():3" time="0.2">
                                                 
                                               </testcase><testcase classname="ch.epfl.dias.cs422.QueryTest" name="tests():4" time="0.205">
                                                 
                                               </testcase><testcase classname="ch.epfl.dias.cs422.QueryTest" name="tests():5" time="0.053">
                                                 
                                               </testcase><testcase classname="ch.epfl.dias.cs422.QueryTest" name="tests():6" time="0.131">
                                                 
                                               </testcase><testcase classname="ch.epfl.dias.cs422.QueryTest" name="tests():7" time="0.146">
                                                 
                                               </testcase><testcase classname="ch.epfl.dias.cs422.QueryTest" name="tests():8" time="0.111">
                                                 
                                               </testcase><testcase classname="ch.epfl.dias.cs422.QueryTest" name="tests():9" time="0.127">
                                                 
                                               </testcase><testcase classname="ch.epfl.dias.cs422.QueryTest" name="tests():10" time="0.112">
                                                 
                                               </testcase><testcase classname="ch.epfl.dias.cs422.QueryTest" name="tests():1" time="0.725">
                                                 
                                               </testcase><testcase classname="ch.epfl.dias.cs422.QueryTest" name="tests():1" time="0.011">
                                                 
                                               </testcase><testcase classname="ch.epfl.dias.cs422.QueryTest" name="tests():2" time="0.01">
                                                 
                                               </testcase><testcase classname="ch.epfl.dias.cs422.QueryTest" name="tests():3" time="0.011">
                                                 
                                               </testcase><testcase classname="ch.epfl.dias.cs422.QueryTest" name="tests():4" time="0.009">
                                                 
                                               </testcase><testcase classname="ch.epfl.dias.cs422.QueryTest" name="tests():5" time="0.014">
                                                 
                                               </testcase><testcase classname="ch.epfl.dias.cs422.QueryTest" name="tests():6" time="0.008">
                                                 
                                               </testcase><testcase classname="ch.epfl.dias.cs422.QueryTest" name="tests():7" time="0.008">
                                                 
                                               </testcase><testcase classname="ch.epfl.dias.cs422.QueryTest" name="tests():8" time="0.009">
                                                 
                                               </testcase><testcase classname="ch.epfl.dias.cs422.QueryTest" name="tests():9" time="0.006">
                                                 
                                               </testcase><testcase classname="ch.epfl.dias.cs422.QueryTest" name="tests():10" time="0.014">
                                                 
                                               </testcase><testcase classname="ch.epfl.dias.cs422.QueryTest" name="tests():11" time="0.009">
                                                 
                                               </testcase><testcase classname="ch.epfl.dias.cs422.QueryTest" name="tests():12" time="0.006">
                                                 
                                               </testcase><testcase classname="ch.epfl.dias.cs422.QueryTest" name="tests():13" time="0.007">
                                                 
                                               </testcase><testcase classname="ch.epfl.dias.cs422.QueryTest" name="tests():14" time="0.012">
                                                 
                                               </testcase><testcase classname="ch.epfl.dias.cs422.QueryTest" name="tests():15" time="0.01">
                                                 
                                               </testcase><testcase classname="ch.epfl.dias.cs422.QueryTest" name="tests():16" time="0.01">
                                                 
                                               </testcase><testcase classname="ch.epfl.dias.cs422.QueryTest" name="tests():17" time="0.014">
                                                 
                                               </testcase><testcase classname="ch.epfl.dias.cs422.QueryTest" name="tests():18" time="0.016">
                                                 
                                               </testcase><testcase classname="ch.epfl.dias.cs422.QueryTest" name="tests():19" time="0.012">
                                                 
                                               </testcase><testcase classname="ch.epfl.dias.cs422.QueryTest" name="tests():20" time="0.008">
                                                 
                                               </testcase><testcase classname="ch.epfl.dias.cs422.QueryTest" name="tests():21" time="0.011">
                                                 
                                               </testcase><testcase classname="ch.epfl.dias.cs422.QueryTest" name="tests():22" time="0.013">
                                                 
                                               </testcase><testcase classname="ch.epfl.dias.cs422.QueryTest" name="tests():23" time="0.015">
                                                 
                                               </testcase><testcase classname="ch.epfl.dias.cs422.QueryTest" name="tests():24" time="0.012">
                                                 
                                               </testcase><testcase classname="ch.epfl.dias.cs422.QueryTest" name="tests():25" time="0.012">
                                                 
                                               </testcase><testcase classname="ch.epfl.dias.cs422.QueryTest" name="tests():26" time="0.009">
                                                 
                                               </testcase><testcase classname="ch.epfl.dias.cs422.QueryTest" name="tests():27" time="0.008">
                                                 
                                               </testcase><testcase classname="ch.epfl.dias.cs422.QueryTest" name="tests():28" time="0.008">
                                                 
                                               </testcase><testcase classname="ch.epfl.dias.cs422.QueryTest" name="tests():29" time="0.007">
                                                 
                                               </testcase><testcase classname="ch.epfl.dias.cs422.QueryTest" name="tests():30" time="0.008">
                                                 
                                               </testcase><testcase classname="ch.epfl.dias.cs422.QueryTest" name="tests():31" time="0.012">
                                                 
                                               </testcase><testcase classname="ch.epfl.dias.cs422.QueryTest" name="tests():32" time="0.016">
                                                 
                                               </testcase><testcase classname="ch.epfl.dias.cs422.QueryTest" name="tests():33" time="0.016">
                                                 
                                               </testcase><testcase classname="ch.epfl.dias.cs422.QueryTest" name="tests():34" time="0.008">
                                                 
                                               </testcase><testcase classname="ch.epfl.dias.cs422.QueryTest" name="tests():1" time="0.051">
                                                 
                                               </testcase><testcase classname="ch.epfl.dias.cs422.QueryTest" name="tests():2" time="0.105">
                                                 
                                               </testcase><testcase classname="ch.epfl.dias.cs422.QueryTest" name="tests():3" time="0.154">
                                                 
                                               </testcase><testcase classname="ch.epfl.dias.cs422.QueryTest" name="tests():4" time="0.078">
                                                 
                                               </testcase><testcase classname="ch.epfl.dias.cs422.QueryTest" name="tests():5" time="0.031">
                                                 
                                               </testcase><testcase classname="ch.epfl.dias.cs422.QueryTest" name="tests():6" time="0.057">
                                                 
                                               </testcase><testcase classname="ch.epfl.dias.cs422.QueryTest" name="tests():7" time="0.061">
                                                 
                                               </testcase><testcase classname="ch.epfl.dias.cs422.QueryTest" name="tests():8" time="0.065">
                                                 
                                               </testcase><testcase classname="ch.epfl.dias.cs422.QueryTest" name="tests():9" time="0.066">
                                                 
                                               </testcase><testcase classname="ch.epfl.dias.cs422.QueryTest" name="tests():10" time="0.064">
                                                 
                                               </testcase><testcase classname="ch.epfl.dias.cs422.QueryTest" name="tests():1" time="1.815">
                                                 
                                               </testcase><testcase classname="ch.epfl.dias.cs422.QueryTest" name="tests():1" time="0.016">
                                                 
                                               </testcase><testcase classname="ch.epfl.dias.cs422.QueryTest" name="tests():2" time="0.015">
                                                 
                                               </testcase><testcase classname="ch.epfl.dias.cs422.QueryTest" name="tests():3" time="0.016">
                                                 
                                               </testcase><testcase classname="ch.epfl.dias.cs422.QueryTest" name="tests():4" time="0.01">
                                                 
                                               </testcase><testcase classname="ch.epfl.dias.cs422.QueryTest" name="tests():5" time="0.013">
                                                 
                                               </testcase><testcase classname="ch.epfl.dias.cs422.QueryTest" name="tests():6" time="0.005">
                                                 
                                               </testcase><testcase classname="ch.epfl.dias.cs422.QueryTest" name="tests():7" time="0.006">
                                                 
                                               </testcase><testcase classname="ch.epfl.dias.cs422.QueryTest" name="tests():8" time="0.005">
                                                 
                                               </testcase><testcase classname="ch.epfl.dias.cs422.QueryTest" name="tests():9" time="0.008">
                                                 
                                               </testcase><testcase classname="ch.epfl.dias.cs422.QueryTest" name="tests():10" time="0.009">
                                                 
                                               </testcase><testcase classname="ch.epfl.dias.cs422.QueryTest" name="tests():11" time="0.014">
                                                 
                                               </testcase><testcase classname="ch.epfl.dias.cs422.QueryTest" name="tests():12" time="0.01">
                                                 
                                               </testcase><testcase classname="ch.epfl.dias.cs422.QueryTest" name="tests():13" time="0.011">
                                                 
                                               </testcase><testcase classname="ch.epfl.dias.cs422.QueryTest" name="tests():14" time="0.011">
                                                 
                                               </testcase><testcase classname="ch.epfl.dias.cs422.QueryTest" name="tests():15" time="0.012">
                                                 
                                               </testcase><testcase classname="ch.epfl.dias.cs422.QueryTest" name="tests():16" time="0.012">
                                                 
                                               </testcase><testcase classname="ch.epfl.dias.cs422.QueryTest" name="tests():17" time="0.013">
                                                 
                                               </testcase><testcase classname="ch.epfl.dias.cs422.QueryTest" name="tests():18" time="0.015">
                                                 
                                               </testcase><testcase classname="ch.epfl.dias.cs422.QueryTest" name="tests():19" time="0.015">
                                                 
                                               </testcase><testcase classname="ch.epfl.dias.cs422.QueryTest" name="tests():20" time="0.016">
                                                 
                                               </testcase><testcase classname="ch.epfl.dias.cs422.QueryTest" name="tests():21" time="0.015">
                                                 
                                               </testcase><testcase classname="ch.epfl.dias.cs422.QueryTest" name="tests():22" time="0.013">
                                                 
                                               </testcase><testcase classname="ch.epfl.dias.cs422.QueryTest" name="tests():23" time="0.015">
                                                 
                                               </testcase><testcase classname="ch.epfl.dias.cs422.QueryTest" name="tests():24" time="0.015">
                                                 
                                               </testcase><testcase classname="ch.epfl.dias.cs422.QueryTest" name="tests():25" time="0.015">
                                                 
                                               </testcase><testcase classname="ch.epfl.dias.cs422.QueryTest" name="tests():26" time="0.016">
                                                 
                                               </testcase><testcase classname="ch.epfl.dias.cs422.QueryTest" name="tests():27" time="0.007">
                                                 
                                               </testcase><testcase classname="ch.epfl.dias.cs422.QueryTest" name="tests():28" time="0.008">
                                                 
                                               </testcase><testcase classname="ch.epfl.dias.cs422.QueryTest" name="tests():29" time="0.01">
                                                 
                                               </testcase><testcase classname="ch.epfl.dias.cs422.QueryTest" name="tests():30" time="0.013">
                                                 
                                               </testcase><testcase classname="ch.epfl.dias.cs422.QueryTest" name="tests():31" time="0.012">
                                                 
                                               </testcase><testcase classname="ch.epfl.dias.cs422.QueryTest" name="tests():32" time="0.013">
                                                 
                                               </testcase><testcase classname="ch.epfl.dias.cs422.QueryTest" name="tests():33" time="0.022">
                                                 
                                               </testcase><testcase classname="ch.epfl.dias.cs422.QueryTest" name="tests():34" time="0.016">
                                                 
                                               </testcase><testcase classname="ch.epfl.dias.cs422.QueryTest" name="tests():1" time="1.445">
                                                 
                                               </testcase><testcase classname="ch.epfl.dias.cs422.QueryTest" name="tests():2" time="0.161">
                                                 
                                               </testcase><testcase classname="ch.epfl.dias.cs422.QueryTest" name="tests():3" time="1.165">
                                                 
                                               </testcase><testcase classname="ch.epfl.dias.cs422.QueryTest" name="tests():4" time="14.077">
                                                 
                                               </testcase><testcase classname="ch.epfl.dias.cs422.QueryTest" name="tests():5" time="0.145">
                                                 
                                               </testcase><testcase classname="ch.epfl.dias.cs422.QueryTest" name="tests():6" time="4.123">
                                                 
                                               </testcase><testcase classname="ch.epfl.dias.cs422.QueryTest" name="tests():7" time="10.004">
                                                 
                                               </testcase><testcase classname="ch.epfl.dias.cs422.QueryTest" name="tests():8" time="0.532">
                                                 
                                               </testcase><testcase classname="ch.epfl.dias.cs422.QueryTest" name="tests():9" time="2.424">
                                                 
                                               </testcase><testcase classname="ch.epfl.dias.cs422.QueryTest" name="tests():10" time="0.386">
                                                 
                                               </testcase>
                     <system-out><![CDATA[]]></system-out>
                     <system-err><![CDATA[]]></system-err>
                   </testsuite>